{"level":"info","message":"An info log"}
{"level":"error","message":"An error log"}
{"isAuthenticated":false,"level":"info","message":"An info log","method":"Get","timestamp":"2024-04-26T11:33:54.185Z"}
{"isAuthenticated":false,"level":"info","message":"An info log","method":"Get","timestamp":"2024-04-26T11:35:39.508Z"}
{"isAuthenticated":false,"level":"info","message":"An info log. childlogger","method":"Get","timestamp":"2024-04-26T11:35:39.512Z"}
{
  method: 'Get',
  isAuthenticated: false,
  level: 'info',
  message: 'An info log',
  timestamp: '2024-04-26T11:37:40.875Z'
}
{
  method: 'Get',
  isAuthenticated: false,
  message: 'An info log. childlogger',
  level: 'info',
  timestamp: '2024-04-26T11:37:40.884Z'
}
{
  method: 'Get',
  isAuthenticated: false,
  level: 'info',
  message: 'An info log',
  timestamp: '2024-04-26T11:41:58.832Z'
}
{
  method: 'Get',
  isAuthenticated: false,
  level: 'info',
  message: 'An info log. childlogger 504 gateway timeout',
  stack: 'Error: 504 gateway timeout\n' +
    '    at Object.<anonymous> (C:\\mern-developer\\logger-winston\\index.js:26:45)\n' +
    '    at Module._compile (node:internal/modules/cjs/loader:1369:14)\n' +
    '    at Module._extensions..js (node:internal/modules/cjs/loader:1427:10)\n' +
    '    at Module.load (node:internal/modules/cjs/loader:1206:32)\n' +
    '    at Module._load (node:internal/modules/cjs/loader:1022:12)\n' +
    '    at Function.executeUserEntryPoint [as runMain] (node:internal/modules/run_main:135:12)\n' +
    '    at node:internal/main/run_main_module:28:49',
  timestamp: '2024-04-26T11:41:58.844Z'
}
